Name: Ramaditho Nugroho
Email: dithonugroho01@gmail.com
Performance Rating: 
Criticism: 
Suggestion: 

Name: Ramaditho Nugroho
Email: dithonugroho01@gmail.com
Performance Rating: 
Criticism: 
Suggestion: 

Name: saas
Email: sadasds@a
Performance Rating: 
Criticism: 
Suggestion: 

Name: Ramaditho Nugroho
Email: dithonugroho01@gmail.com
Performance Rating: 
Criticism: 
Suggestion: 

Name: Ramaditho Nugroho
Email: dithonugroho01@gmail.com
Performance Rating: 
Criticism: 
Suggestion: 

Name: Ramaditho Nugroho
Email: dithonugroho01@gmail.com
Performance Rating: 
Criticism: 
Suggestion: 

